<?xml version="1.0" encoding="utf-8"?><testsuites name="pytest tests"><testsuite name="pytest" errors="0" failures="0" skipped="0" tests="70" time="17.879" timestamp="2026-09-18T15:18:34.209550+09:00" hostname="KotanoMacBook-Air.local"><testcase classname="tests.test_acquire_chembl" name="test_registry_requires_id_not_name" time="0.006" /><testcase classname="tests.test_acquire_chembl" name="test_registry_rejects_duplicate_id" time="0.001" /><testcase classname="tests.test_acquire_chembl" name="test_identity_does_not_collapse_parent_or_stereoisomer" time="0.000" /><testcase classname="tests.test_acquire_chembl" name="test_subunits_do_not_parse_gamma_acid_or_pi_inside_words" time="0.000" /><testcase classname="tests.test_acquire_chembl" name="test_scope_separates_peripheral_and_rho" time="0.000" /><testcase classname="tests.test_acquire_chembl" name="test_qc_preserves_censoring_missing_and_conflicts" time="0.000" /><testcase classname="tests.test_acquire_chembl" name="test_pagination_raw_bytes_and_pointer" time="0.002" /><testcase classname="tests.test_acquire_chembl" name="test_incomplete_or_invalid_pages_fail[data0]" time="0.001" /><testcase classname="tests.test_acquire_chembl" name="test_incomplete_or_invalid_pages_fail[data1]" time="0.001" /><testcase classname="tests.test_acquire_chembl" name="test_incomplete_or_invalid_pages_fail[data2]" time="0.001" /><testcase classname="tests.test_acquire_chembl" name="test_cross_host_pagination_rejected" time="0.001" /><testcase classname="tests.test_acquire_chembl" name="test_replay_and_corruption" time="0.002" /><testcase classname="tests.test_acquire_chembl" name="test_end_to_end_replay_does_not_mutate_source" time="0.045" /><testcase classname="tests.test_acquire_chembl" name="test_failed_run_is_explicit" time="0.016" /><testcase classname="tests.test_acquire_chembl" name="test_transient_http_error_retries_and_records_attempt" time="0.001" /><testcase classname="tests.test_acquire_chembl" name="test_processed_artifact_tampering_detected" time="0.023" /><testcase classname="tests.test_bzd_pharmacology_filter" name="test_explicit_subunit_tokens[\u03b11\u03b23\u03b32-alpha1_beta3_gamma2]" time="0.000" /><testcase classname="tests.test_bzd_pharmacology_filter" name="test_explicit_subunit_tokens[alpha-2-beta-2-gamma-2-alpha2_beta2_gamma2]" time="0.000" /><testcase classname="tests.test_bzd_pharmacology_filter" name="test_explicit_subunit_tokens[GABRA1 GABRB3 GABRG2-alpha1_beta3_gamma2]" time="0.000" /><testcase classname="tests.test_bzd_pharmacology_filter" name="test_explicit_subunit_tokens[Gamma-aminobutyric acid receptor, hippocampus, zolpidem-None]" time="0.000" /><testcase classname="tests.test_bzd_pharmacology_filter" name="test_general_subunit_conflict_not_activity_specific[alpha1-alpha4-alpha]" time="0.001" /><testcase classname="tests.test_bzd_pharmacology_filter" name="test_general_subunit_conflict_not_activity_specific[alpha1-alpha5-alpha]" time="0.000" /><testcase classname="tests.test_bzd_pharmacology_filter" name="test_general_subunit_conflict_not_activity_specific[beta3-beta2-beta]" time="0.000" /><testcase classname="tests.test_bzd_pharmacology_filter" name="test_component_conflict_is_independent_evidence" time="0.000" /><testcase classname="tests.test_bzd_pharmacology_filter" name="test_group_members_not_coassembled" time="0.000" /><testcase classname="tests.test_bzd_pharmacology_filter" name="test_single_subunit_not_promoted_by_complete_assay" time="0.000" /><testcase classname="tests.test_bzd_pharmacology_filter" name="test_mixed_alpha_not_assigned_to_two_values" time="0.000" /><testcase classname="tests.test_bzd_pharmacology_filter" name="test_species_missing_never_filled_from_prose_or_target" time="0.000" /><testcase classname="tests.test_bzd_pharmacology_filter" name="test_species_conflict_no_automatic_host_reinterpretation[Rattus norvegicus]" time="0.000" /><testcase classname="tests.test_bzd_pharmacology_filter" name="test_species_conflict_no_automatic_host_reinterpretation[Xenopus laevis]" time="0.000" /><testcase classname="tests.test_bzd_pharmacology_filter" name="test_host_cell_text_does_not_change_receptor_species" time="0.000" /><testcase classname="tests.test_bzd_pharmacology_filter" name="test_endpoint_uses_description[IC50-Displacement of [3H]flumazenil from human GABA-A alpha1beta3gamma2-B-binding]" time="0.000" /><testcase classname="tests.test_bzd_pharmacology_filter" name="test_endpoint_uses_description[IC50-Inhibition of GABA current in human GABA-A alpha1beta3gamma2-F-functional_potency]" time="0.000" /><testcase classname="tests.test_bzd_pharmacology_filter" name="test_endpoint_uses_description[EC50-Potentiation of GABA current in human GABA-A alpha1beta3gamma2-F-functional_potency]" time="0.000" /><testcase classname="tests.test_bzd_pharmacology_filter" name="test_endpoint_uses_description[Emax-Maximal potentiation of GABA current in human GABA-A alpha1beta3gamma2-F-functional_efficacy]" time="0.000" /><testcase classname="tests.test_bzd_pharmacology_filter" name="test_functional_assay_with_b_annotation_requires_review" time="0.000" /><testcase classname="tests.test_bzd_pharmacology_filter" name="test_binding_ec50_is_ambiguous" time="0.000" /><testcase classname="tests.test_bzd_pharmacology_filter" name="test_censoring_retained_not_point_observation[&gt;]" time="0.000" /><testcase classname="tests.test_bzd_pharmacology_filter" name="test_censoring_retained_not_point_observation[&lt;]" time="0.000" /><testcase classname="tests.test_bzd_pharmacology_filter" name="test_censoring_retained_not_point_observation[&gt;=]" time="0.000" /><testcase classname="tests.test_bzd_pharmacology_filter" name="test_censoring_retained_not_point_observation[&lt;=]" time="0.000" /><testcase classname="tests.test_bzd_pharmacology_filter" name="test_censoring_retained_not_point_observation[~]" time="0.000" /><testcase classname="tests.test_bzd_pharmacology_filter" name="test_missing_not_zero_or_exact[standard_value]" time="0.000" /><testcase classname="tests.test_bzd_pharmacology_filter" name="test_missing_not_zero_or_exact[standard_units]" time="0.000" /><testcase classname="tests.test_bzd_pharmacology_filter" name="test_missing_not_zero_or_exact[standard_relation]" time="0.000" /><testcase classname="tests.test_bzd_pharmacology_filter" name="test_potential_duplicate_not_counted_independent" time="0.000" /><testcase classname="tests.test_bzd_pharmacology_filter" name="test_variant_not_wild_type" time="0.000" /><testcase classname="tests.test_bzd_pharmacology_filter" name="test_nonbzd_readout_retained_with_exclude_reason" time="0.000" /><testcase classname="tests.test_bzd_pharmacology_filter" name="test_names_never_control_classification" time="0.000" /><testcase classname="tests.test_bzd_pharmacology_filter" name="test_comparison_keys_independent_of_compound_but_not_assay" time="0.001" /><testcase classname="tests.test_bzd_pharmacology_filter" name="test_grouping_does_not_mix_context[document_chembl_id-CHEMBLOTHER]" time="0.001" /><testcase classname="tests.test_bzd_pharmacology_filter" name="test_grouping_does_not_mix_context[standard_units-uM]" time="0.000" /><testcase classname="tests.test_bzd_pharmacology_filter" name="test_grouping_does_not_mix_context[endpoint_class-functional_potency]" time="0.000" /><testcase classname="tests.test_bzd_pharmacology_filter" name="test_grouping_does_not_mix_context[species-rat]" time="0.000" /><testcase classname="tests.test_bzd_pharmacology_filter" name="test_grouping_does_not_mix_context[standard_relation-&gt;]" time="0.000" /><testcase classname="tests.test_bzd_pharmacology_filter" name="test_pairing_masks_only_alpha_not_beta" time="0.001" /><testcase classname="tests.test_bzd_pharmacology_filter" name="test_real_434_complete_preserved_and_known_conflicts" time="0.087" /><testcase classname="tests.test_bzd_pharmacology_filter" name="test_qc_rejects_source_tampering_and_duplicate_ids" time="0.086" /><testcase classname="tests.test_bzd_pharmacology_filter" name="test_run_roundtrip_and_prior_files_immutable" time="0.777" /><testcase classname="tests.test_bzd_pharmacology_filter" name="test_native_does_not_become_defined_recombinant_complex" time="0.000" /><testcase classname="tests.test_bzd_pharmacology_filter" name="test_fixed_response_and_emax_not_same_group" time="0.001" /><testcase classname="tests.test_bzd_pharmacology_filter" name="test_nonfinite_or_invalid_concentration_requires_review[NaN]" time="0.000" /><testcase classname="tests.test_bzd_pharmacology_filter" name="test_nonfinite_or_invalid_concentration_requires_review[Infinity]" time="0.000" /><testcase classname="tests.test_bzd_pharmacology_filter" name="test_nonfinite_or_invalid_concentration_requires_review[not-numeric]" time="0.001" /><testcase classname="tests.test_bzd_pharmacology_filter" name="test_nonfinite_or_invalid_concentration_requires_review[0]" time="0.000" /><testcase classname="tests.test_bzd_pharmacology_filter" name="test_nonfinite_or_invalid_concentration_requires_review[-1]" time="0.000" /><testcase classname="tests.test_gtopdb.GtoPdbNormalizationTest" name="test_composition_is_explicit" time="0.001" /><testcase classname="tests.test_gtopdb.GtoPdbNormalizationTest" name="test_missing_fields_are_not_imputed" time="0.001" /><testcase classname="tests.test_pipeline" name="test_synthetic_pipeline" time="1.051" /><testcase classname="tests.test_pipeline" name="test_missing_inputs_do_not_stop" time="0.063" /></testsuite></testsuites>